<?xml version="1.0" encoding="UTF-8"?>
<testng-results ignored="0" total="2" passed="2" failed="0" skipped="0">
  <reporter-output>
  </reporter-output>
  <suite started-at="2023-06-24T10:31:14 IST" name="Suite" finished-at="2023-06-24T10:31:42 IST" duration-ms="28122">
    <groups>
    </groups>
    <test started-at="2023-06-24T10:31:14 IST" name="ChromeTest" finished-at="2023-06-24T10:31:42 IST" duration-ms="28122">
      <class name="testNGPack.Facebook">
        <test-method is-config="true" signature="openBrowser(java.lang.String)[pri:0, instance:testNGPack.Facebook@2a54a73f]" started-at="2023-06-24T10:31:14 IST" name="openBrowser" finished-at="2023-06-24T10:31:20 IST" duration-ms="5865" status="PASS">
          <params>
            <param index="0">
              <value>
                <![CDATA[Chrome]]>
              </value>
            </param>
          </params>
          <reporter-output>
          </reporter-output>
        </test-method> <!-- openBrowser -->
        <test-method is-config="true" signature="beforeClass()[pri:0, instance:testNGPack.Facebook@2a54a73f]" started-at="2023-06-24T10:31:20 IST" name="beforeClass" finished-at="2023-06-24T10:31:20 IST" duration-ms="112" status="PASS">
          <reporter-output>
          </reporter-output>
        </test-method> <!-- beforeClass -->
        <test-method is-config="true" signature="openUrl()[pri:0, instance:testNGPack.Facebook@2a54a73f]" started-at="2023-06-24T10:31:20 IST" name="openUrl" finished-at="2023-06-24T10:31:24 IST" duration-ms="3653" status="PASS">
          <reporter-output>
          </reporter-output>
        </test-method> <!-- openUrl -->
        <test-method signature="verifyLogin()[pri:1, instance:testNGPack.Facebook@2a54a73f]" started-at="2023-06-24T10:31:24 IST" name="verifyLogin" finished-at="2023-06-24T10:31:30 IST" duration-ms="6064" status="PASS">
          <reporter-output>
          </reporter-output>
        </test-method> <!-- verifyLogin -->
        <test-method is-config="true" signature="logoutAccount(org.testng.ITestResult)[pri:0, instance:testNGPack.Facebook@2a54a73f]" started-at="2023-06-24T10:31:30 IST" name="logoutAccount" finished-at="2023-06-24T10:31:30 IST" duration-ms="2" status="PASS">
          <params>
            <param index="0">
              <value>
                <![CDATA[[TestResult name=verifyLogin status=SUCCESS method=Facebook.verifyLogin()[pri:1, instance:testNGPack.Facebook@2a54a73f] output={null}]]]>
              </value>
            </param>
          </params>
          <reporter-output>
          </reporter-output>
        </test-method> <!-- logoutAccount -->
        <test-method is-config="true" signature="openUrl()[pri:0, instance:testNGPack.Facebook@2a54a73f]" started-at="2023-06-24T10:31:30 IST" name="openUrl" finished-at="2023-06-24T10:31:32 IST" duration-ms="2047" status="PASS">
          <reporter-output>
          </reporter-output>
        </test-method> <!-- openUrl -->
        <test-method signature="verifySignUpPage()[pri:2, instance:testNGPack.Facebook@2a54a73f]" started-at="2023-06-24T10:31:32 IST" name="verifySignUpPage" finished-at="2023-06-24T10:31:41 IST" duration-ms="8679" status="PASS">
          <reporter-output>
          </reporter-output>
        </test-method> <!-- verifySignUpPage -->
        <test-method is-config="true" signature="logoutAccount(org.testng.ITestResult)[pri:0, instance:testNGPack.Facebook@2a54a73f]" started-at="2023-06-24T10:31:41 IST" name="logoutAccount" finished-at="2023-06-24T10:31:41 IST" duration-ms="0" status="PASS">
          <params>
            <param index="0">
              <value>
                <![CDATA[[TestResult name=verifySignUpPage status=SUCCESS method=Facebook.verifySignUpPage()[pri:2, instance:testNGPack.Facebook@2a54a73f] output={null}]]]>
              </value>
            </param>
          </params>
          <reporter-output>
          </reporter-output>
        </test-method> <!-- logoutAccount -->
        <test-method is-config="true" signature="afterTest()[pri:0, instance:testNGPack.Facebook@2a54a73f]" started-at="2023-06-24T10:31:41 IST" name="afterTest" finished-at="2023-06-24T10:31:42 IST" duration-ms="1556" status="PASS">
          <reporter-output>
          </reporter-output>
        </test-method> <!-- afterTest -->
      </class> <!-- testNGPack.Facebook -->
    </test> <!-- ChromeTest -->
  </suite> <!-- Suite -->
</testng-results>
