<?xml version="1.0" encoding="UTF-8"?>
<!-- Generated by org.testng.reporters.JUnitXMLReporter -->
<testsuite ignored="1" hostname="DESKTOP-1FUPUEC" failures="0" tests="2" name="ChromeTest" time="5.824" errors="0" timestamp="2023-02-15T13:36:45 IST">
  <testcase classname="testng.TestNGFacebook" name="@BeforeMethod beforeMethod" time="2.118">
    <failure type="java.lang.NoClassDefFoundError" message="org/apache/commons/io/output/UnsynchronizedByteArrayOutputStream">
      <![CDATA[java.lang.NoClassDefFoundError: org/apache/commons/io/output/UnsynchronizedByteArrayOutputStream
at org.apache.poi.poifs.filesystem.FileMagic.valueOf(FileMagic.java:209)
at org.apache.poi.ss.usermodel.WorkbookFactory.create(WorkbookFactory.java:222)
at org.apache.poi.ss.usermodel.WorkbookFactory.create(WorkbookFactory.java:185)
at utils.Utility.getDataFromExcel(Utility.java:56)
at testng.TestNGFacebook.beforeMethod(TestNGFacebook.java:60)
at java.base/java.util.concurrent.ThreadPoolExecutor.runWorker(ThreadPoolExecutor.java:1144)
at java.base/java.util.concurrent.ThreadPoolExecutor$Worker.run(ThreadPoolExecutor.java:642)
at java.base/java.lang.Thread.run(Thread.java:1589)
Caused by: java.lang.ClassNotFoundException: org.apache.commons.io.output.UnsynchronizedByteArrayOutputStream
at java.base/jdk.internal.loader.BuiltinClassLoader.loadClass(BuiltinClassLoader.java:641)
at java.base/jdk.internal.loader.ClassLoaders$AppClassLoader.loadClass(ClassLoaders.java:188)
at java.base/java.lang.ClassLoader.loadClass(ClassLoader.java:521)
... 22 more
... Removed 14 stack frames]]>
    </failure>
  </testcase> <!-- @BeforeMethod beforeMethod -->
  <testcase classname="testng.TestNGFacebook" name="@AfterMethod afterMethod" time="-1.676448405225E9">
    <skipped/>
  </testcase> <!-- @AfterMethod afterMethod -->
  <testcase classname="testng.TestNGFacebook" name="@BeforeMethod beforeMethod" time="-1.676448405231E9">
    <skipped/>
  </testcase> <!-- @BeforeMethod beforeMethod -->
  <testcase classname="testng.TestNGFacebook" name="@AfterMethod afterMethod" time="-1.676448405247E9">
    <skipped/>
  </testcase> <!-- @AfterMethod afterMethod -->
  <testcase classname="testng.TestNGFacebook" name="@AfterClass clearPomObject" time="-1.676448405254E9">
    <skipped/>
  </testcase> <!-- @AfterClass clearPomObject -->
  <testcase classname="testng.TestNGFacebook" name="@AfterTest close" time="-1.676448405256E9">
    <skipped/>
  </testcase> <!-- @AfterTest close -->
  <testcase classname="testng.TestNGFacebook" name="verifyprivacyPolicy" time="0.0">
    <skipped/>
  </testcase> <!-- verifyprivacyPolicy -->
  <testcase classname="testng.TestNGFacebook" name="verifycookiesPolicy" time="0.0">
    <skipped/>
  </testcase> <!-- verifycookiesPolicy -->
  <testcase classname="testng.TestNGFacebook" name="verifyTermsLink" time="0.0">
    <ignored/>
  </testcase> <!-- verifyTermsLink -->
</testsuite> <!-- ChromeTest -->
