<?xml version="1.0" encoding="UTF-8"?>
<!-- Generated by org.testng.reporters.JUnitXMLReporter -->
<testsuite ignored="0" hostname="DESKTOP-1FUPUEC" failures="0" tests="3" name="FirefoxTest" time="46.315" errors="0" timestamp="2023-02-24T23:26:56 IST">
  <testcase classname="testng.ICICIBank" name="verifyTextDigitalBanking" time="5.124"/>
  <testcase classname="testng.ICICIBank" name="verifyProduct" time="8.99"/>
  <testcase classname="testng.ICICIBank" name="verifyLoginButton" time="8.336"/>
</testsuite> <!-- FirefoxTest -->
