<?xml version="1.0" encoding="UTF-8"?>
<!-- Generated by org.testng.reporters.JUnitXMLReporter -->
<testsuite ignored="0" hostname="DESKTOP-1FUPUEC" failures="0" tests="3" name="FirefTest" time="21.773" errors="0" timestamp="2023-02-15T12:54:09 IST">
  <testcase classname="testng.TestNG_Instagram" name="@BeforeMethod OpenLink" time="10.837">
    <failure type="java.lang.NoClassDefFoundError" message="org/apache/commons/io/output/UnsynchronizedByteArrayOutputStream">
      <![CDATA[java.lang.NoClassDefFoundError: org/apache/commons/io/output/UnsynchronizedByteArrayOutputStream
at org.apache.poi.poifs.filesystem.FileMagic.valueOf(FileMagic.java:209)
at org.apache.poi.ss.usermodel.WorkbookFactory.create(WorkbookFactory.java:222)
at org.apache.poi.ss.usermodel.WorkbookFactory.create(WorkbookFactory.java:185)
at utils.Utility.getDataFromExcel(Utility.java:54)
at testng.TestNG_Instagram.OpenLink(TestNG_Instagram.java:89)
at java.base/java.util.concurrent.ThreadPoolExecutor.runWorker(ThreadPoolExecutor.java:1144)
at java.base/java.util.concurrent.ThreadPoolExecutor$Worker.run(ThreadPoolExecutor.java:642)
at java.base/java.lang.Thread.run(Thread.java:1589)
Caused by: java.lang.ClassNotFoundException: org.apache.commons.io.output.UnsynchronizedByteArrayOutputStream
at java.base/jdk.internal.loader.BuiltinClassLoader.loadClass(BuiltinClassLoader.java:641)
at java.base/jdk.internal.loader.ClassLoaders$AppClassLoader.loadClass(ClassLoaders.java:188)
at java.base/java.lang.ClassLoader.loadClass(ClassLoader.java:521)
... 22 more
... Removed 14 stack frames]]>
    </failure>
  </testcase> <!-- @BeforeMethod OpenLink -->
  <testcase classname="testng.TestNG_Instagram" name="@AfterMethod afterMethod" time="-1.676445848877E9">
    <skipped/>
  </testcase> <!-- @AfterMethod afterMethod -->
  <testcase classname="testng.TestNG_Instagram" name="@BeforeMethod OpenLink" time="-1.676445848883E9">
    <skipped/>
  </testcase> <!-- @BeforeMethod OpenLink -->
  <testcase classname="testng.TestNG_Instagram" name="@AfterMethod afterMethod" time="-1.676445848903E9">
    <skipped/>
  </testcase> <!-- @AfterMethod afterMethod -->
  <testcase classname="testng.TestNG_Instagram" name="@BeforeMethod OpenLink" time="-1.676445848913E9">
    <skipped/>
  </testcase> <!-- @BeforeMethod OpenLink -->
  <testcase classname="testng.TestNG_Instagram" name="@AfterMethod afterMethod" time="-1.676445848931E9">
    <skipped/>
  </testcase> <!-- @AfterMethod afterMethod -->
  <testcase classname="testng.TestNG_Instagram" name="@AfterClass CloseAllTab" time="-1.676445848934E9">
    <skipped/>
  </testcase> <!-- @AfterClass CloseAllTab -->
  <testcase classname="testng.TestNG_Instagram" name="@AfterTest afterTest" time="-1.67644584894E9">
    <skipped/>
  </testcase> <!-- @AfterTest afterTest -->
  <testcase classname="testng.TestNG_Instagram" name="VerifyCookiesPolicy" time="0.0">
    <skipped/>
  </testcase> <!-- VerifyCookiesPolicy -->
  <testcase classname="testng.TestNG_Instagram" name="VeriyfyPrivacyPolicy" time="0.0">
    <skipped/>
  </testcase> <!-- VeriyfyPrivacyPolicy -->
  <testcase classname="testng.TestNG_Instagram" name="VeriyfyTerms" time="0.0">
    <skipped/>
  </testcase> <!-- VeriyfyTerms -->
</testsuite> <!-- FirefTest -->
