<?xml version="1.0" encoding="UTF-8"?>
<!-- Generated by org.testng.reporters.JUnitXMLReporter -->
<testsuite ignored="0" hostname="DESKTOP-1FUPUEC" failures="0" tests="2" name="FirefoxTest" time="14.625" errors="0" timestamp="2023-02-21T12:46:10 IST">
  <testcase classname="testng.TestNgMyTripApp" name="@BeforeMethod OpenURL" time="7.65">
    <failure type="org.openqa.selenium.interactions.MoveTargetOutOfBoundsException" message="(1158, 932) is out of bounds of viewport width (1536) and height (731)
Build info: version: &amp;apos;3.141.59&amp;apos;, revision: &amp;apos;e82be7d358&amp;apos;, time: &amp;apos;2018-11-14T08:17:03&amp;apos;
System info: host: &amp;apos;DESKTOP-1FUPUEC&amp;apos;, ip: &amp;apos;192.168.122.123&amp;apos;, os.name: &amp;apos;Windows 11&amp;apos;, os.arch: &amp;apos;amd64&amp;apos;, os.version: &amp;apos;10.0&amp;apos;, java.version: &amp;apos;19.0.1&amp;apos;
Driver info: org.openqa.selenium.firefox.FirefoxDriver
Capabilities {acceptInsecureCerts: true, browserName: firefox, browserVersion: 110.0, javascriptEnabled: true, moz:accessibilityChecks: false, moz:buildID: 20230214051806, moz:geckodriverVersion: 0.32.1, moz:headless: false, moz:platformVersion: 10.0, moz:processID: 13828, moz:profile: C:\Users\Usha\AppData\Local..., moz:shutdownTimeout: 60000, moz:useNonSpecCompliantPointerOrigin: false, moz:webdriverClick: true, moz:windowless: false, pageLoadStrategy: normal, platform: WINDOWS, platformName: WINDOWS, proxy: Proxy(), setWindowRect: true, strictFileInteractability: false, timeouts: {implicit: 0, pageLoad: 300000, script: 30000}, unhandledPromptBehavior: dismiss and notify}
Session ID: 158d50c9-0bd8-4a1b-ade6-91299c5c4539">
      <![CDATA[org.openqa.selenium.interactions.MoveTargetOutOfBoundsException: (1158, 932) is out of bounds of viewport width (1536) and height (731)
Build info: version: '3.141.59', revision: 'e82be7d358', time: '2018-11-14T08:17:03'
System info: host: 'DESKTOP-1FUPUEC', ip: '192.168.122.123', os.name: 'Windows 11', os.arch: 'amd64', os.version: '10.0', java.version: '19.0.1'
Driver info: org.openqa.selenium.firefox.FirefoxDriver
Capabilities {acceptInsecureCerts: true, browserName: firefox, browserVersion: 110.0, javascriptEnabled: true, moz:accessibilityChecks: false, moz:buildID: 20230214051806, moz:geckodriverVersion: 0.32.1, moz:headless: false, moz:platformVersion: 10.0, moz:processID: 13828, moz:profile: C:\Users\Usha\AppData\Local..., moz:shutdownTimeout: 60000, moz:useNonSpecCompliantPointerOrigin: false, moz:webdriverClick: true, moz:windowless: false, pageLoadStrategy: normal, platform: WINDOWS, platformName: WINDOWS, proxy: Proxy(), setWindowRect: true, strictFileInteractability: false, timeouts: {implicit: 0, pageLoad: 300000, script: 30000}, unhandledPromptBehavior: dismiss and notify}
Session ID: 158d50c9-0bd8-4a1b-ade6-91299c5c4539
at org.openqa.selenium.remote.http.W3CHttpResponseCodec.createException(W3CHttpResponseCodec.java:187)
at org.openqa.selenium.remote.http.W3CHttpResponseCodec.decode(W3CHttpResponseCodec.java:122)
at org.openqa.selenium.remote.http.W3CHttpResponseCodec.decode(W3CHttpResponseCodec.java:49)
at org.openqa.selenium.remote.HttpCommandExecutor.execute(HttpCommandExecutor.java:158)
at org.openqa.selenium.remote.service.DriverCommandExecutor.execute(DriverCommandExecutor.java:83)
at org.openqa.selenium.remote.RemoteWebDriver.execute(RemoteWebDriver.java:552)
at org.openqa.selenium.remote.RemoteWebDriver.perform(RemoteWebDriver.java:618)
at org.openqa.selenium.interactions.Actions$BuiltAction.perform(Actions.java:639)
at org.openqa.selenium.interactions.Actions.perform(Actions.java:595)
at trip.MYBooking.ClickOnBooking(MYBooking.java:27)
at testng.TestNgMyTripApp.OpenURL(TestNgMyTripApp.java:87)
at java.base/java.util.concurrent.ThreadPoolExecutor.runWorker(ThreadPoolExecutor.java:1144)
at java.base/java.util.concurrent.ThreadPoolExecutor$Worker.run(ThreadPoolExecutor.java:642)
at java.base/java.lang.Thread.run(Thread.java:1589)
... Removed 17 stack frames]]>
    </failure>
  </testcase> <!-- @BeforeMethod OpenURL -->
  <testcase classname="testng.TestNgMyTripApp" name="@BeforeMethod OpenURL" time="-1.676963770091E9">
    <skipped/>
  </testcase> <!-- @BeforeMethod OpenURL -->
  <testcase classname="testng.TestNgMyTripApp" name="@AfterClass closeBrowser" time="-1.676963770106E9">
    <skipped/>
  </testcase> <!-- @AfterClass closeBrowser -->
  <testcase classname="testng.TestNgMyTripApp" name="@AfterTest afterTest" time="-1.676963770106E9">
    <skipped/>
  </testcase> <!-- @AfterTest afterTest -->
  <testcase classname="testng.TestNgMyTripApp" name="VerifyMyBooking" time="0.0">
    <skipped/>
  </testcase> <!-- VerifyMyBooking -->
  <testcase classname="testng.TestNgMyTripApp" name="VerifySignInPage" time="0.0">
    <skipped/>
  </testcase> <!-- VerifySignInPage -->
</testsuite> <!-- FirefoxTest -->
