<?xml version="1.0" encoding="UTF-8"?>
<!-- Generated by org.testng.reporters.JUnitXMLReporter -->
<testsuite ignored="0" hostname="DESKTOP-1FUPUEC" failures="0" tests="3" name="OperaTest" time="14.545" errors="0" timestamp="2023-02-15T13:10:01 IST">
  <testcase classname="testng.TestNG_Instagram" name="@BeforeMethod OpenLink" time="8.441">
    <failure type="java.io.FileNotFoundException" message="  (The system cannot find the path specified)">
      <![CDATA[java.io.FileNotFoundException:   (The system cannot find the path specified)
at java.base/java.io.FileInputStream.open0(Native Method)
at java.base/java.io.FileInputStream.open(FileInputStream.java:219)
at java.base/java.io.FileInputStream.<init>(FileInputStream.java:158)
at java.base/java.io.FileInputStream.<init>(FileInputStream.java:112)
at utils.Utility.getDataFromExcel(Utility.java:53)
at testng.TestNG_Instagram.OpenLink(TestNG_Instagram.java:89)
at java.base/java.util.concurrent.ThreadPoolExecutor.runWorker(ThreadPoolExecutor.java:1144)
at java.base/java.util.concurrent.ThreadPoolExecutor$Worker.run(ThreadPoolExecutor.java:642)
at java.base/java.lang.Thread.run(Thread.java:1589)
... Removed 14 stack frames]]>
    </failure>
  </testcase> <!-- @BeforeMethod OpenLink -->
  <testcase classname="testng.TestNG_Instagram" name="@AfterMethod afterMethod" time="-1.676446800885E9">
    <skipped/>
  </testcase> <!-- @AfterMethod afterMethod -->
  <testcase classname="testng.TestNG_Instagram" name="@BeforeMethod OpenLink" time="-1.676446800888E9">
    <skipped/>
  </testcase> <!-- @BeforeMethod OpenLink -->
  <testcase classname="testng.TestNG_Instagram" name="@AfterMethod afterMethod" time="-1.676446800911E9">
    <skipped/>
  </testcase> <!-- @AfterMethod afterMethod -->
  <testcase classname="testng.TestNG_Instagram" name="@BeforeMethod OpenLink" time="-1.676446800916E9">
    <skipped/>
  </testcase> <!-- @BeforeMethod OpenLink -->
  <testcase classname="testng.TestNG_Instagram" name="@AfterMethod afterMethod" time="-1.676446800975E9">
    <skipped/>
  </testcase> <!-- @AfterMethod afterMethod -->
  <testcase classname="testng.TestNG_Instagram" name="@AfterClass CloseAllTab" time="-1.676446800998E9">
    <skipped/>
  </testcase> <!-- @AfterClass CloseAllTab -->
  <testcase classname="testng.TestNG_Instagram" name="@AfterTest afterTest" time="-1.676446801006E9">
    <skipped/>
  </testcase> <!-- @AfterTest afterTest -->
  <testcase classname="testng.TestNG_Instagram" name="VerifyCookiesPolicy" time="0.0">
    <skipped/>
  </testcase> <!-- VerifyCookiesPolicy -->
  <testcase classname="testng.TestNG_Instagram" name="VeriyfyPrivacyPolicy" time="0.0">
    <skipped/>
  </testcase> <!-- VeriyfyPrivacyPolicy -->
  <testcase classname="testng.TestNG_Instagram" name="VeriyfyTerms" time="0.0">
    <skipped/>
  </testcase> <!-- VeriyfyTerms -->
</testsuite> <!-- OperaTest -->
