<?xml version="1.0" encoding="UTF-8"?>
<!-- Generated by org.testng.reporters.JUnitXMLReporter -->
<testsuite ignored="0" hostname="DESKTOP-1FUPUEC" failures="0" tests="1" name="OperaTest" time="69.208" errors="0" timestamp="2023-03-07T12:52:50 IST">
  <testcase classname="testng.TestNG_Rediff_Mail" name="@BeforeMethod openURL" time="63.02">
    <failure type="org.openqa.selenium.NoSuchWindowException" message="no such window: target window already closed
from unknown error: web view not found
  (Session info: chrome=109.0.5414.120)
  (Driver info: operadriver=109.0.5414.120 (168eebf2055fd26ca8c71787b7b3f9fe7c90d13d-refs/branch-heads/5414@{#1459}),platform=Windows NT 10.0.22000 x86_64) (WARNING: The server did not provide any stacktrace information)
Command duration or timeout: 0 milliseconds
Build info: version: &amp;apos;3.141.59&amp;apos;, revision: &amp;apos;e82be7d358&amp;apos;, time: &amp;apos;2018-11-14T08:17:03&amp;apos;
System info: host: &amp;apos;DESKTOP-1FUPUEC&amp;apos;, ip: &amp;apos;192.168.122.123&amp;apos;, os.name: &amp;apos;Windows 11&amp;apos;, os.arch: &amp;apos;amd64&amp;apos;, os.version: &amp;apos;10.0&amp;apos;, java.version: &amp;apos;19.0.1&amp;apos;
Driver info: org.openqa.selenium.opera.OperaDriver
Capabilities {acceptInsecureCerts: false, acceptSslCerts: false, browserConnectionEnabled: false, browserName: opera, cssSelectorsEnabled: true, databaseEnabled: false, goog:chromeOptions: {debuggerAddress: localhost:64998}, handlesAlerts: true, hasTouchScreen: false, javascriptEnabled: true, locationContextEnabled: true, mobileEmulationEnabled: false, nativeEvents: true, networkConnectionEnabled: false, opera: {operadriverVersion: 109.0.5414.120 (168eebf2055..., userDataDir: C:\Users\Usha\AppData\Local...}, pageLoadStrategy: normal, platform: WINDOWS, platformName: WINDOWS, proxy: Proxy(), rotatable: false, setWindowRect: true, strictFileInteractability: false, takesHeapSnapshot: true, takesScreenshot: true, timeouts: {implicit: 0, pageLoad: 300000, script: 30000}, unexpectedAlertBehaviour: ignore, unhandledPromptBehavior: ignore, version: 109.0.5414.120, webStorageEnabled: true, webauthn:extension:credBlob: true, webauthn:extension:largeBlob: true, webauthn:virtualAuthenticators: true}
Session ID: bdbc917f33bf4863e6ce695833c35298
*** Element info: {Using=xpath, value=//a[@title=&amp;apos;Online Shopping&amp;apos;]}">
      <![CDATA[org.openqa.selenium.NoSuchWindowException: no such window: target window already closed
from unknown error: web view not found
  (Session info: chrome=109.0.5414.120)
  (Driver info: operadriver=109.0.5414.120 (168eebf2055fd26ca8c71787b7b3f9fe7c90d13d-refs/branch-heads/5414@{#1459}),platform=Windows NT 10.0.22000 x86_64) (WARNING: The server did not provide any stacktrace information)
Command duration or timeout: 0 milliseconds
Build info: version: '3.141.59', revision: 'e82be7d358', time: '2018-11-14T08:17:03'
System info: host: 'DESKTOP-1FUPUEC', ip: '192.168.122.123', os.name: 'Windows 11', os.arch: 'amd64', os.version: '10.0', java.version: '19.0.1'
Driver info: org.openqa.selenium.opera.OperaDriver
Capabilities {acceptInsecureCerts: false, acceptSslCerts: false, browserConnectionEnabled: false, browserName: opera, cssSelectorsEnabled: true, databaseEnabled: false, goog:chromeOptions: {debuggerAddress: localhost:64998}, handlesAlerts: true, hasTouchScreen: false, javascriptEnabled: true, locationContextEnabled: true, mobileEmulationEnabled: false, nativeEvents: true, networkConnectionEnabled: false, opera: {operadriverVersion: 109.0.5414.120 (168eebf2055..., userDataDir: C:\Users\Usha\AppData\Local...}, pageLoadStrategy: normal, platform: WINDOWS, platformName: WINDOWS, proxy: Proxy(), rotatable: false, setWindowRect: true, strictFileInteractability: false, takesHeapSnapshot: true, takesScreenshot: true, timeouts: {implicit: 0, pageLoad: 300000, script: 30000}, unexpectedAlertBehaviour: ignore, unhandledPromptBehavior: ignore, version: 109.0.5414.120, webStorageEnabled: true, webauthn:extension:credBlob: true, webauthn:extension:largeBlob: true, webauthn:virtualAuthenticators: true}
Session ID: bdbc917f33bf4863e6ce695833c35298
*** Element info: {Using=xpath, value=//a[@title='Online Shopping']}
at org.openqa.selenium.remote.ErrorHandler.createThrowable(ErrorHandler.java:214)
at org.openqa.selenium.remote.ErrorHandler.throwIfResponseFailed(ErrorHandler.java:166)
at org.openqa.selenium.remote.http.JsonHttpResponseCodec.reconstructValue(JsonHttpResponseCodec.java:40)
at org.openqa.selenium.remote.http.AbstractHttpResponseCodec.decode(AbstractHttpResponseCodec.java:80)
at org.openqa.selenium.remote.http.AbstractHttpResponseCodec.decode(AbstractHttpResponseCodec.java:44)
at org.openqa.selenium.remote.HttpCommandExecutor.execute(HttpCommandExecutor.java:158)
at org.openqa.selenium.remote.service.DriverCommandExecutor.execute(DriverCommandExecutor.java:83)
at org.openqa.selenium.remote.RemoteWebDriver.execute(RemoteWebDriver.java:552)
at org.openqa.selenium.remote.RemoteWebDriver.findElement(RemoteWebDriver.java:323)
at org.openqa.selenium.remote.RemoteWebDriver.findElementByXPath(RemoteWebDriver.java:428)
at org.openqa.selenium.By$ByXPath.findElement(By.java:353)
at org.openqa.selenium.remote.RemoteWebDriver.findElement(RemoteWebDriver.java:315)
at org.openqa.selenium.support.pagefactory.DefaultElementLocator.findElement(DefaultElementLocator.java:69)
at org.openqa.selenium.support.pagefactory.internal.LocatingElementHandler.invoke(LocatingElementHandler.java:38)
at jdk.proxy2/jdk.proxy2.$Proxy18.click(Unknown Source)
at Rediff.mail.Shopping.ClickOnShopping(Shopping.java:35)
at testng.TestNG_Rediff_Mail.openURL(TestNG_Rediff_Mail.java:59)
at java.base/java.util.concurrent.ThreadPoolExecutor.runWorker(ThreadPoolExecutor.java:1144)
at java.base/java.util.concurrent.ThreadPoolExecutor$Worker.run(ThreadPoolExecutor.java:642)
at java.base/java.lang.Thread.run(Thread.java:1589)
... Removed 17 stack frames]]>
    </failure>
  </testcase> <!-- @BeforeMethod openURL -->
  <testcase classname="testng.TestNG_Rediff_Mail" name="@AfterMethod close" time="-1.678173770806E9">
    <skipped/>
  </testcase> <!-- @AfterMethod close -->
  <testcase classname="testng.TestNG_Rediff_Mail" name="@AfterClass CloseBrowser" time="-1.678173770813E9">
    <skipped/>
  </testcase> <!-- @AfterClass CloseBrowser -->
  <testcase classname="testng.TestNG_Rediff_Mail" name="@AfterTest afterTest" time="-1.678173770818E9">
    <skipped/>
  </testcase> <!-- @AfterTest afterTest -->
  <testcase classname="testng.TestNG_Rediff_Mail" name="verifyCasualBag" time="0.0">
    <skipped/>
  </testcase> <!-- verifyCasualBag -->
</testsuite> <!-- OperaTest -->
