<?xml version="1.0" encoding="UTF-8"?>
<!-- Generated by org.testng.reporters.JUnitXMLReporter -->
<testsuite ignored="0" hostname="DESKTOP-1FUPUEC" failures="0" tests="10" name="Test" time="103.453" errors="0" timestamp="2023-04-17T15:22:32 IST">
  <testcase classname="testng.JalaAcademy" name="@BeforeMethod OpenLink" time="85.114">
    <failure type="org.openqa.selenium.WebDriverException" message="Failed to decode response from marionette
Build info: version: &amp;apos;3.141.59&amp;apos;, revision: &amp;apos;e82be7d358&amp;apos;, time: &amp;apos;2018-11-14T08:17:03&amp;apos;
System info: host: &amp;apos;DESKTOP-1FUPUEC&amp;apos;, ip: &amp;apos;192.168.164.123&amp;apos;, os.name: &amp;apos;Windows 11&amp;apos;, os.arch: &amp;apos;amd64&amp;apos;, os.version: &amp;apos;10.0&amp;apos;, java.version: &amp;apos;19.0.1&amp;apos;
Driver info: org.openqa.selenium.firefox.FirefoxDriver
Capabilities {acceptInsecureCerts: true, browserName: firefox, browserVersion: 112.0, javascriptEnabled: true, moz:accessibilityChecks: false, moz:buildID: 20230406114409, moz:geckodriverVersion: 0.32.1, moz:headless: false, moz:platformVersion: 10.0, moz:processID: 4180, moz:profile: C:\Users\Usha\AppData\Local..., moz:shutdownTimeout: 60000, moz:useNonSpecCompliantPointerOrigin: false, moz:webdriverClick: true, moz:windowless: false, pageLoadStrategy: normal, platform: WINDOWS, platformName: WINDOWS, proxy: Proxy(), setWindowRect: true, strictFileInteractability: false, timeouts: {implicit: 0, pageLoad: 300000, script: 30000}, unhandledPromptBehavior: dismiss and notify}
Session ID: e42ad8d4-2a5a-4234-8028-076a5ff58b10
*** Element info: {Using=xpath, value=(//span[text()=&amp;apos;Home&amp;apos;])[1]}">
      <![CDATA[org.openqa.selenium.WebDriverException: Failed to decode response from marionette
Build info: version: '3.141.59', revision: 'e82be7d358', time: '2018-11-14T08:17:03'
System info: host: 'DESKTOP-1FUPUEC', ip: '192.168.164.123', os.name: 'Windows 11', os.arch: 'amd64', os.version: '10.0', java.version: '19.0.1'
Driver info: org.openqa.selenium.firefox.FirefoxDriver
Capabilities {acceptInsecureCerts: true, browserName: firefox, browserVersion: 112.0, javascriptEnabled: true, moz:accessibilityChecks: false, moz:buildID: 20230406114409, moz:geckodriverVersion: 0.32.1, moz:headless: false, moz:platformVersion: 10.0, moz:processID: 4180, moz:profile: C:\Users\Usha\AppData\Local..., moz:shutdownTimeout: 60000, moz:useNonSpecCompliantPointerOrigin: false, moz:webdriverClick: true, moz:windowless: false, pageLoadStrategy: normal, platform: WINDOWS, platformName: WINDOWS, proxy: Proxy(), setWindowRect: true, strictFileInteractability: false, timeouts: {implicit: 0, pageLoad: 300000, script: 30000}, unhandledPromptBehavior: dismiss and notify}
Session ID: e42ad8d4-2a5a-4234-8028-076a5ff58b10
*** Element info: {Using=xpath, value=(//span[text()='Home'])[1]}
at org.openqa.selenium.remote.http.W3CHttpResponseCodec.createException(W3CHttpResponseCodec.java:187)
at org.openqa.selenium.remote.http.W3CHttpResponseCodec.decode(W3CHttpResponseCodec.java:122)
at org.openqa.selenium.remote.http.W3CHttpResponseCodec.decode(W3CHttpResponseCodec.java:49)
at org.openqa.selenium.remote.HttpCommandExecutor.execute(HttpCommandExecutor.java:158)
at org.openqa.selenium.remote.service.DriverCommandExecutor.execute(DriverCommandExecutor.java:83)
at org.openqa.selenium.remote.RemoteWebDriver.execute(RemoteWebDriver.java:552)
at org.openqa.selenium.remote.RemoteWebDriver.findElement(RemoteWebDriver.java:323)
at org.openqa.selenium.remote.RemoteWebDriver.findElementByXPath(RemoteWebDriver.java:428)
at org.openqa.selenium.By$ByXPath.findElement(By.java:353)
at org.openqa.selenium.remote.RemoteWebDriver.findElement(RemoteWebDriver.java:315)
at org.openqa.selenium.support.pagefactory.DefaultElementLocator.findElement(DefaultElementLocator.java:69)
at org.openqa.selenium.support.pagefactory.internal.LocatingElementHandler.invoke(LocatingElementHandler.java:38)
at jdk.proxy2/jdk.proxy2.$Proxy16.click(Unknown Source)
at jalaAcademy.HomePage.clickOnHomePage(HomePage.java:28)
at testng.JalaAcademy.OpenLink(JalaAcademy.java:62)
at java.base/java.util.ArrayList.forEach(ArrayList.java:1511)
... Removed 32 stack frames]]>
    </failure>
  </testcase> <!-- @BeforeMethod OpenLink -->
  <testcase classname="testng.JalaAcademy" name="@BeforeMethod OpenLink" time="-1.681725151191E9">
    <skipped/>
  </testcase> <!-- @BeforeMethod OpenLink -->
  <testcase classname="testng.JalaAcademy" name="@BeforeMethod OpenLink" time="-1.681725151237E9">
    <skipped/>
  </testcase> <!-- @BeforeMethod OpenLink -->
  <testcase classname="testng.JalaAcademy" name="@BeforeMethod OpenLink" time="-1.681725151275E9">
    <skipped/>
  </testcase> <!-- @BeforeMethod OpenLink -->
  <testcase classname="testng.JalaAcademy" name="@BeforeMethod OpenLink" time="-1.681725151372E9">
    <skipped/>
  </testcase> <!-- @BeforeMethod OpenLink -->
  <testcase classname="testng.JalaAcademy" name="@BeforeMethod OpenLink" time="-1.681725151439E9">
    <skipped/>
  </testcase> <!-- @BeforeMethod OpenLink -->
  <testcase classname="testng.JalaAcademy" name="@BeforeMethod OpenLink" time="-1.681725151522E9">
    <skipped/>
  </testcase> <!-- @BeforeMethod OpenLink -->
  <testcase classname="testng.JalaAcademy" name="@BeforeMethod OpenLink" time="-1.681725151603E9">
    <skipped/>
  </testcase> <!-- @BeforeMethod OpenLink -->
  <testcase classname="testng.JalaAcademy" name="@BeforeMethod OpenLink" time="-1.681725151672E9">
    <skipped/>
  </testcase> <!-- @BeforeMethod OpenLink -->
  <testcase classname="testng.JalaAcademy" name="@BeforeMethod OpenLink" time="-1.681725151742E9">
    <skipped/>
  </testcase> <!-- @BeforeMethod OpenLink -->
  <testcase classname="testng.JalaAcademy" name="@AfterClass afterClass" time="-1.681725151821E9">
    <skipped/>
  </testcase> <!-- @AfterClass afterClass -->
  <testcase classname="testng.JalaAcademy" name="@AfterTest afterTest" time="-1.681725151833E9">
    <skipped/>
  </testcase> <!-- @AfterTest afterTest -->
  <testcase classname="testng.JalaAcademy" name="verifyTextHomePage" time="0.0">
    <skipped/>
  </testcase> <!-- verifyTextHomePage -->
  <testcase classname="testng.JalaAcademy" name="verifyTecnologyButton" time="0.0">
    <skipped/>
  </testcase> <!-- verifyTecnologyButton -->
  <testcase classname="testng.JalaAcademy" name="verifyBrightITCareerButton" time="0.0">
    <skipped/>
  </testcase> <!-- verifyBrightITCareerButton -->
  <testcase classname="testng.JalaAcademy" name="verifyAboutUsPage" time="0.0">
    <skipped/>
  </testcase> <!-- verifyAboutUsPage -->
  <testcase classname="testng.JalaAcademy" name="verifyCollaborations" time="0.0">
    <skipped/>
  </testcase> <!-- verifyCollaborations -->
  <testcase classname="testng.JalaAcademy" name="verifyCareers" time="0.0">
    <skipped/>
  </testcase> <!-- verifyCareers -->
  <testcase classname="testng.JalaAcademy" name="verifyContactUs" time="0.0">
    <skipped/>
  </testcase> <!-- verifyContactUs -->
  <testcase classname="testng.JalaAcademy" name="verifyHomePageTitle" time="0.0">
    <skipped/>
  </testcase> <!-- verifyHomePageTitle -->
  <testcase classname="testng.JalaAcademy" name="verifyMobileNOText" time="0.0">
    <skipped/>
  </testcase> <!-- verifyMobileNOText -->
  <testcase classname="testng.JalaAcademy" name="verifyJIRA" time="0.0">
    <skipped/>
  </testcase> <!-- verifyJIRA -->
</testsuite> <!-- Test -->
