<?xml version="1.0" encoding="UTF-8"?>
<!-- Generated by org.testng.reporters.JUnitXMLReporter -->
<testsuite ignored="0" hostname="DESKTOP-EAIRO25" failures="0" tests="1" name="Chrome" time="0.23" errors="0" timestamp="2023-06-19T11:38:50 IST">
  <testcase classname="testNGPack.Facebook" name="@BeforeTest openBrowser" time="0.033">
    <failure type="java.lang.NullPointerException" message="Cannot invoke &amp;quot;org.openqa.selenium.WebDriver.manage()&amp;quot; because &amp;quot;this.driver&amp;quot; is null">
      <![CDATA[java.lang.NullPointerException: Cannot invoke "org.openqa.selenium.WebDriver.manage()" because "this.driver" is null
at testNGPack.Facebook.openBrowser(Facebook.java:56)
... Removed 24 stack frames]]>
    </failure>
  </testcase> <!-- @BeforeTest openBrowser -->
  <testcase classname="testNGPack.Facebook" name="@BeforeClass beforeClass" time="-1.687154930126E9">
    <skipped/>
  </testcase> <!-- @BeforeClass beforeClass -->
  <testcase classname="testNGPack.Facebook" name="@BeforeMethod openUrl" time="-1.687154930157E9">
    <skipped/>
  </testcase> <!-- @BeforeMethod openUrl -->
  <testcase classname="testNGPack.Facebook" name="@AfterMethod logoutAccount" time="-1.687154930208E9">
    <skipped/>
  </testcase> <!-- @AfterMethod logoutAccount -->
  <testcase classname="testNGPack.Facebook" name="@AfterTest afterTest" time="-1.68715493022E9">
    <skipped/>
  </testcase> <!-- @AfterTest afterTest -->
  <testcase classname="testNGPack.Facebook" name="verifyLogin" time="0.0">
    <skipped/>
  </testcase> <!-- verifyLogin -->
</testsuite> <!-- Chrome -->
