<?xml version="1.0" encoding="UTF-8"?>
<!-- Generated by org.testng.reporters.JUnitXMLReporter -->
<testsuite ignored="0" hostname="DESKTOP-EAIRO25" failures="0" tests="1" name="Chrome" time="0.7" errors="0" timestamp="2023-06-19T10:26:22 IST">
  <testcase classname="testNGPack.Facebook" name="@BeforeTest OpenBrowser" time="0.538">
    <failure type="java.lang.NullPointerException" message="Cannot invoke &amp;quot;org.openqa.selenium.WebDriver.manage()&amp;quot; because &amp;quot;this.driver&amp;quot; is null">
      <![CDATA[java.lang.NullPointerException: Cannot invoke "org.openqa.selenium.WebDriver.manage()" because "this.driver" is null
at testNGPack.Facebook.OpenBrowser(Facebook.java:65)
... Removed 24 stack frames]]>
    </failure>
  </testcase> <!-- @BeforeTest OpenBrowser -->
  <testcase classname="testNGPack.Facebook" name="@BeforeClass OpenBrowser" time="-1.687150582251E9">
    <skipped/>
  </testcase> <!-- @BeforeClass OpenBrowser -->
  <testcase classname="testNGPack.Facebook" name="@BeforeMethod openUrl" time="-1.687150582279E9">
    <skipped/>
  </testcase> <!-- @BeforeMethod openUrl -->
  <testcase classname="testNGPack.Facebook" name="@AfterMethod logoutAccount" time="-1.687150582299E9">
    <skipped/>
  </testcase> <!-- @AfterMethod logoutAccount -->
  <testcase classname="testNGPack.Facebook" name="@AfterTest afterrTest" time="-1.687150582309E9">
    <skipped/>
  </testcase> <!-- @AfterTest afterrTest -->
  <testcase classname="testNGPack.Facebook" name="verifyKidsGetText" time="0.0">
    <skipped/>
  </testcase> <!-- verifyKidsGetText -->
</testsuite> <!-- Chrome -->
