<?xml version="1.0" encoding="UTF-8"?>
<!-- Generated by org.testng.reporters.JUnitXMLReporter -->
<testsuite ignored="2" hostname="DESKTOP-1FUPUEC" failures="1" tests="1" name="ChromeTest(failed)" time="14.966" errors="0" timestamp="2023-02-18T10:43:48 IST">
  <testcase classname="testng.TestNGFacebook" name="verifyprivacyPolicy" time="7.135">
    <failure type="java.lang.AssertionError" message="The following asserts failed:
	expected [Meta Privacy Policy – How Meta collects and uses user data | Privacy Centre | Manage your privacy on Facebook, Instagram and Messenger | Facebook Privacy ] but found [Meta Privacy Policy – How Meta collects and uses user data | Privacy Centre | Manage your privacy on Facebook, Instagram and Messenger | Facebook Privacy]">
      <![CDATA[java.lang.AssertionError: The following asserts failed:
expected [Meta Privacy Policy – How Meta collects and uses user data | Privacy Centre | Manage your privacy on Facebook, Instagram and Messenger | Facebook Privacy ] but found [Meta Privacy Policy – How Meta collects and uses user data | Privacy Centre | Manage your privacy on Facebook, Instagram and Messenger | Facebook Privacy]
at testng.TestNGFacebook.verifyprivacyPolicy(TestNGFacebook.java:108)
at java.base/java.util.concurrent.ThreadPoolExecutor.runWorker(ThreadPoolExecutor.java:1144)
at java.base/java.util.concurrent.ThreadPoolExecutor$Worker.run(ThreadPoolExecutor.java:642)
at java.base/java.lang.Thread.run(Thread.java:1589)
... Removed 12 stack frames]]>
    </failure>
  </testcase> <!-- verifyprivacyPolicy -->
  <testcase classname="testng.TestNGFacebook" name="verifyTermsLink" time="0.0">
    <ignored/>
  </testcase> <!-- verifyTermsLink -->
  <testcase classname="testng.TestNGFacebook" name="verifycookiesPolicy" time="0.0">
    <ignored/>
  </testcase> <!-- verifycookiesPolicy -->
</testsuite> <!-- ChromeTest(failed) -->
