<?xml version="1.0" encoding="UTF-8"?>
<!-- Generated by org.testng.reporters.JUnitXMLReporter -->
<testsuite ignored="3" hostname="DESKTOP-1FUPUEC" failures="0" tests="1" name="Test(failed)" time="1.3" errors="0" timestamp="2023-04-17T13:05:58 IST">
  <testcase classname="testng.JalaAcademy" name="@BeforeTest OpenBrowser" time="0.96">
    <failure type="java.lang.NullPointerException" message="Cannot invoke &amp;quot;org.openqa.selenium.WebDriver.manage()&amp;quot; because &amp;quot;this.driver&amp;quot; is null">
      <![CDATA[java.lang.NullPointerException: Cannot invoke "org.openqa.selenium.WebDriver.manage()" because "this.driver" is null
at testng.JalaAcademy.OpenBrowser(JalaAcademy.java:47)
... Removed 22 stack frames]]>
    </failure>
  </testcase> <!-- @BeforeTest OpenBrowser -->
  <testcase classname="testng.JalaAcademy" name="@BeforeClass openURL" time="-1.681716958263E9">
    <skipped/>
  </testcase> <!-- @BeforeClass openURL -->
  <testcase classname="testng.JalaAcademy" name="@BeforeMethod OpenLink" time="-1.68171695833E9">
    <skipped/>
  </testcase> <!-- @BeforeMethod OpenLink -->
  <testcase classname="testng.JalaAcademy" name="@AfterClass afterClass" time="-1.681716958386E9">
    <skipped/>
  </testcase> <!-- @AfterClass afterClass -->
  <testcase classname="testng.JalaAcademy" name="@AfterTest afterTest" time="-1.681716958406E9">
    <skipped/>
  </testcase> <!-- @AfterTest afterTest -->
  <testcase classname="testng.JalaAcademy" name="verifyAboutUsPage" time="0.0">
    <skipped/>
  </testcase> <!-- verifyAboutUsPage -->
  <testcase classname="testng.JalaAcademy" name="verifyTextHomePage" time="0.0">
    <ignored/>
  </testcase> <!-- verifyTextHomePage -->
  <testcase classname="testng.JalaAcademy" name="verifyTecnologyButton" time="0.0">
    <ignored/>
  </testcase> <!-- verifyTecnologyButton -->
  <testcase classname="testng.JalaAcademy" name="verifyBrightITCareerButton" time="0.0">
    <ignored/>
  </testcase> <!-- verifyBrightITCareerButton -->
</testsuite> <!-- Test(failed) -->
