<?xml version="1.0" encoding="UTF-8"?>
<!-- Generated by org.testng.reporters.JUnitXMLReporter -->
<testsuite ignored="0" hostname="DESKTOP-1FUPUEC" failures="0" tests="3" name="ChromeTest" time="2.501" errors="0" timestamp="2023-04-02T11:49:27 IST">
  <testcase classname="testng.ICICIBank" name="@BeforeClass browser" time="1.132">
    <failure type="java.lang.NullPointerException">
      <![CDATA[java.lang.NullPointerException
at java.base/java.util.Objects.requireNonNull(Objects.java:233)
at org.openqa.selenium.interactions.Actions.<init>(Actions.java:65)
at ICICIBank.HomePage.<init>(HomePage.java:43)
at testng.ICICIBank.browser(ICICIBank.java:60)
at java.base/java.util.ArrayList.forEach(ArrayList.java:1511)
... Removed 23 stack frames]]>
    </failure>
  </testcase> <!-- @BeforeClass browser -->
  <testcase classname="testng.ICICIBank" name="@BeforeMethod OpenUrl" time="-1.680416367355E9">
    <skipped/>
  </testcase> <!-- @BeforeMethod OpenUrl -->
  <testcase classname="testng.ICICIBank" name="@AfterMethod close" time="-1.680416367408E9">
    <skipped/>
  </testcase> <!-- @AfterMethod close -->
  <testcase classname="testng.ICICIBank" name="@BeforeMethod OpenUrl" time="-1.680416367458E9">
    <skipped/>
  </testcase> <!-- @BeforeMethod OpenUrl -->
  <testcase classname="testng.ICICIBank" name="@AfterMethod close" time="-1.680416367494E9">
    <skipped/>
  </testcase> <!-- @AfterMethod close -->
  <testcase classname="testng.ICICIBank" name="@BeforeMethod OpenUrl" time="-1.680416367505E9">
    <skipped/>
  </testcase> <!-- @BeforeMethod OpenUrl -->
  <testcase classname="testng.ICICIBank" name="@AfterMethod close" time="-1.680416367528E9">
    <skipped/>
  </testcase> <!-- @AfterMethod close -->
  <testcase classname="testng.ICICIBank" name="@AfterClass CloseBrowser" time="-1.68041636754E9">
    <skipped/>
  </testcase> <!-- @AfterClass CloseBrowser -->
  <testcase classname="testng.ICICIBank" name="@AfterTest afterTest" time="-1.680416367544E9">
    <skipped/>
  </testcase> <!-- @AfterTest afterTest -->
  <testcase classname="testng.ICICIBank" name="verifyTextDigitalBanking" time="0.0">
    <skipped/>
  </testcase> <!-- verifyTextDigitalBanking -->
  <testcase classname="testng.ICICIBank" name="verifyProduct" time="0.0">
    <skipped/>
  </testcase> <!-- verifyProduct -->
  <testcase classname="testng.ICICIBank" name="verifyLoginButton" time="0.0">
    <skipped/>
  </testcase> <!-- verifyLoginButton -->
</testsuite> <!-- ChromeTest -->
