<?xml version="1.0" encoding="UTF-8"?>
<!-- Generated by org.testng.reporters.JUnitXMLReporter -->
<testsuite ignored="0" hostname="DESKTOP-1FUPUEC" failures="0" tests="3" name="FireTest" time="16.691" errors="0" timestamp="2023-02-07T13:14:11 IST">
  <testcase classname="testng.TestNg_Trip" name="@BeforeMethod OpenURL" time="11.179">
    <failure type="org.openqa.selenium.interactions.MoveTargetOutOfBoundsException" message="(1158, 1095) is out of bounds of viewport width (1536) and height (731)
Build info: version: &amp;apos;3.141.59&amp;apos;, revision: &amp;apos;e82be7d358&amp;apos;, time: &amp;apos;2018-11-14T08:17:03&amp;apos;
System info: host: &amp;apos;DESKTOP-1FUPUEC&amp;apos;, ip: &amp;apos;192.168.233.123&amp;apos;, os.name: &amp;apos;Windows 11&amp;apos;, os.arch: &amp;apos;amd64&amp;apos;, os.version: &amp;apos;10.0&amp;apos;, java.version: &amp;apos;19.0.1&amp;apos;
Driver info: org.openqa.selenium.firefox.FirefoxDriver
Capabilities {acceptInsecureCerts: true, browserName: firefox, browserVersion: 109.0.1, javascriptEnabled: true, moz:accessibilityChecks: false, moz:buildID: 20230127170202, moz:geckodriverVersion: 0.32.1, moz:headless: false, moz:platformVersion: 10.0, moz:processID: 17460, moz:profile: C:\Users\Usha\AppData\Local..., moz:shutdownTimeout: 60000, moz:useNonSpecCompliantPointerOrigin: false, moz:webdriverClick: true, moz:windowless: false, pageLoadStrategy: normal, platform: WINDOWS, platformName: WINDOWS, proxy: Proxy(), setWindowRect: true, strictFileInteractability: false, timeouts: {implicit: 0, pageLoad: 300000, script: 30000}, unhandledPromptBehavior: dismiss and notify}
Session ID: ad3ce43f-d900-4a50-b13b-ed5791c8aaab">
      <![CDATA[org.openqa.selenium.interactions.MoveTargetOutOfBoundsException: (1158, 1095) is out of bounds of viewport width (1536) and height (731)
Build info: version: '3.141.59', revision: 'e82be7d358', time: '2018-11-14T08:17:03'
System info: host: 'DESKTOP-1FUPUEC', ip: '192.168.233.123', os.name: 'Windows 11', os.arch: 'amd64', os.version: '10.0', java.version: '19.0.1'
Driver info: org.openqa.selenium.firefox.FirefoxDriver
Capabilities {acceptInsecureCerts: true, browserName: firefox, browserVersion: 109.0.1, javascriptEnabled: true, moz:accessibilityChecks: false, moz:buildID: 20230127170202, moz:geckodriverVersion: 0.32.1, moz:headless: false, moz:platformVersion: 10.0, moz:processID: 17460, moz:profile: C:\Users\Usha\AppData\Local..., moz:shutdownTimeout: 60000, moz:useNonSpecCompliantPointerOrigin: false, moz:webdriverClick: true, moz:windowless: false, pageLoadStrategy: normal, platform: WINDOWS, platformName: WINDOWS, proxy: Proxy(), setWindowRect: true, strictFileInteractability: false, timeouts: {implicit: 0, pageLoad: 300000, script: 30000}, unhandledPromptBehavior: dismiss and notify}
Session ID: ad3ce43f-d900-4a50-b13b-ed5791c8aaab
at org.openqa.selenium.remote.http.W3CHttpResponseCodec.createException(W3CHttpResponseCodec.java:187)
at org.openqa.selenium.remote.http.W3CHttpResponseCodec.decode(W3CHttpResponseCodec.java:122)
at org.openqa.selenium.remote.http.W3CHttpResponseCodec.decode(W3CHttpResponseCodec.java:49)
at org.openqa.selenium.remote.HttpCommandExecutor.execute(HttpCommandExecutor.java:158)
at org.openqa.selenium.remote.service.DriverCommandExecutor.execute(DriverCommandExecutor.java:83)
at org.openqa.selenium.remote.RemoteWebDriver.execute(RemoteWebDriver.java:552)
at org.openqa.selenium.remote.RemoteWebDriver.perform(RemoteWebDriver.java:618)
at org.openqa.selenium.interactions.Actions$BuiltAction.perform(Actions.java:639)
at org.openqa.selenium.interactions.Actions.perform(Actions.java:595)
at trip.MYBooking.ClickOnBooking(MYBooking.java:27)
at testng.TestNg_Trip.OpenURL(TestNg_Trip.java:73)
at java.base/java.util.ArrayList.forEach(ArrayList.java:1511)
... Removed 32 stack frames]]>
    </failure>
  </testcase> <!-- @BeforeMethod OpenURL -->
  <testcase classname="testng.TestNg_Trip" name="@BeforeMethod OpenURL" time="-1.675755851042E9">
    <skipped/>
  </testcase> <!-- @BeforeMethod OpenURL -->
  <testcase classname="testng.TestNg_Trip" name="@BeforeMethod OpenURL" time="-1.675755851042E9">
    <skipped/>
  </testcase> <!-- @BeforeMethod OpenURL -->
  <testcase classname="testng.TestNg_Trip" name="@AfterClass closeBrowser" time="-1.67575585106E9">
    <skipped/>
  </testcase> <!-- @AfterClass closeBrowser -->
  <testcase classname="testng.TestNg_Trip" name="@AfterTest afterTest" time="-1.675755851063E9">
    <skipped/>
  </testcase> <!-- @AfterTest afterTest -->
  <testcase classname="testng.TestNg_Trip" name="VerifyMyBooking" time="0.0">
    <skipped/>
  </testcase> <!-- VerifyMyBooking -->
  <testcase classname="testng.TestNg_Trip" name="VerifySignInPage" time="0.0">
    <skipped/>
  </testcase> <!-- VerifySignInPage -->
  <testcase classname="testng.TestNg_Trip" name="VerifySignInPage" time="0.0">
    <skipped/>
  </testcase> <!-- VerifySignInPage -->
</testsuite> <!-- FireTest -->
